d:\microsoft visual studio 10.0\vsproject\decryptfromdata\encryptintodata\release\encryptintodata.obj
d:\microsoft visual studio 10.0\vsproject\decryptfromdata\encryptintodata\release\vc100.pdb
d:\microsoft visual studio 10.0\vsproject\decryptfromdata\release\encryptintodata.exe
d:\microsoft visual studio 10.0\vsproject\decryptfromdata\encryptintodata\release\encryptintodata.exe.intermediate.manifest
d:\microsoft visual studio 10.0\vsproject\decryptfromdata\release\encryptintodata.pdb
e:\baidunetdiskdownload\decryptfromdata\encryptintodata\release\vc142.pdb
e:\baidunetdiskdownload\decryptfromdata\encryptintodata\release\encryptintodata.obj
e:\baidunetdiskdownload\decryptfromdata\encryptintodata\release\encryptintodata.ipdb
e:\baidunetdiskdownload\decryptfromdata\encryptintodata\release\encryptintodata.iobj
e:\baidunetdiskdownload\decryptfromdata\encryptintodata\release\cl.command.1.tlog
e:\baidunetdiskdownload\decryptfromdata\encryptintodata\release\cl.read.1.tlog
e:\baidunetdiskdownload\decryptfromdata\encryptintodata\release\cl.write.1.tlog
e:\baidunetdiskdownload\decryptfromdata\encryptintodata\release\encryptintodata.write.1.tlog
e:\baidunetdiskdownload\decryptfromdata\encryptintodata\release\link.command.1.tlog
e:\baidunetdiskdownload\decryptfromdata\encryptintodata\release\link.read.1.tlog
e:\baidunetdiskdownload\decryptfromdata\encryptintodata\release\link.write.1.tlog
e:\baidunetdiskdownload\decryptfromdata\encryptintodata\release\mt.command.1.tlog
e:\baidunetdiskdownload\decryptfromdata\encryptintodata\release\mt.read.1.tlog
e:\baidunetdiskdownload\decryptfromdata\encryptintodata\release\mt.write.1.tlog
e:\baidunetdiskdownload\decryptfromdata\encryptintodata\release\encryptintodata.exe.intermediate.manifest
e:\baidunetdiskdownload\decryptfromdata\encryptintodata\release\vc100.pdb
e:\baidunetdiskdownload\decryptfromdata\release\encryptintodata.pdb
e:\baidunetdiskdownload\decryptfromdata\encryptintodata\release\encryptintodata.tlog\cl.command.1.tlog
e:\baidunetdiskdownload\decryptfromdata\encryptintodata\release\encryptintodata.tlog\cl.read.1.tlog
e:\baidunetdiskdownload\decryptfromdata\encryptintodata\release\encryptintodata.tlog\cl.write.1.tlog
e:\baidunetdiskdownload\decryptfromdata\encryptintodata\release\encryptintodata.tlog\link-cvtres.read.1.tlog
e:\baidunetdiskdownload\decryptfromdata\encryptintodata\release\encryptintodata.tlog\link-cvtres.write.1.tlog
e:\baidunetdiskdownload\decryptfromdata\encryptintodata\release\encryptintodata.tlog\link-rc.read.1.tlog
e:\baidunetdiskdownload\decryptfromdata\encryptintodata\release\encryptintodata.tlog\link-rc.write.1.tlog
e:\baidunetdiskdownload\decryptfromdata\encryptintodata\release\encryptintodata.tlog\link.command.1.tlog
e:\baidunetdiskdownload\decryptfromdata\encryptintodata\release\encryptintodata.tlog\link.read.1.tlog
e:\baidunetdiskdownload\decryptfromdata\encryptintodata\release\encryptintodata.tlog\link.write.1.tlog
