d:\microsoft visual studio 10.0\vsproject\decryptfromdata\encryptintodata\debug\encryptintodata.obj
d:\microsoft visual studio 10.0\vsproject\decryptfromdata\encryptintodata\debug\vc100.pdb
d:\microsoft visual studio 10.0\vsproject\decryptfromdata\debug\encryptintodata.ilk
d:\microsoft visual studio 10.0\vsproject\decryptfromdata\debug\encryptintodata.exe
d:\microsoft visual studio 10.0\vsproject\decryptfromdata\encryptintodata\debug\encryptintodata.exe.intermediate.manifest
d:\microsoft visual studio 10.0\vsproject\decryptfromdata\debug\encryptintodata.pdb
d:\microsoft visual studio 10.0\vsproject\decryptfromdata\encryptintodata\debug\encryptintodata.exe.embed.manifest
d:\microsoft visual studio 10.0\vsproject\decryptfromdata\encryptintodata\debug\encryptintodata.exe.embed.manifest.res
e:\baidunetdiskdownload\decryptfromdata\encryptintodata\debug\vc142.pdb
e:\baidunetdiskdownload\decryptfromdata\encryptintodata\debug\vc142.idb
e:\baidunetdiskdownload\decryptfromdata\encryptintodata\debug\encryptintodata.obj
e:\baidunetdiskdownload\decryptfromdata\encryptintodata\debug\cl.command.1.tlog
e:\baidunetdiskdownload\decryptfromdata\encryptintodata\debug\cl.read.1.tlog
e:\baidunetdiskdownload\decryptfromdata\encryptintodata\debug\cl.write.1.tlog
e:\baidunetdiskdownload\decryptfromdata\encryptintodata\debug\encryptintodata.write.1.tlog
e:\baidunetdiskdownload\decryptfromdata\encryptintodata\debug\link-cvtres.read.1.tlog
e:\baidunetdiskdownload\decryptfromdata\encryptintodata\debug\link-cvtres.write.1.tlog
e:\baidunetdiskdownload\decryptfromdata\encryptintodata\debug\link.12768-cvtres.read.1.tlog
e:\baidunetdiskdownload\decryptfromdata\encryptintodata\debug\link.12768-cvtres.write.1.tlog
e:\baidunetdiskdownload\decryptfromdata\encryptintodata\debug\link.12768.read.1.tlog
e:\baidunetdiskdownload\decryptfromdata\encryptintodata\debug\link.12768.write.1.tlog
e:\baidunetdiskdownload\decryptfromdata\encryptintodata\debug\link.command.1.tlog
e:\baidunetdiskdownload\decryptfromdata\encryptintodata\debug\link.read.1.tlog
e:\baidunetdiskdownload\decryptfromdata\encryptintodata\debug\link.write.1.tlog
e:\baidunetdiskdownload\decryptfromdata\encryptintodata\debug\mt.command.1.tlog
e:\baidunetdiskdownload\decryptfromdata\encryptintodata\debug\mt.read.1.tlog
e:\baidunetdiskdownload\decryptfromdata\encryptintodata\debug\mt.write.1.tlog
e:\baidunetdiskdownload\decryptfromdata\encryptintodata\debug\rc.command.1.tlog
e:\baidunetdiskdownload\decryptfromdata\encryptintodata\debug\rc.read.1.tlog
e:\baidunetdiskdownload\decryptfromdata\encryptintodata\debug\rc.write.1.tlog
e:\baidunetdiskdownload\decryptfromdata\encryptintodata\debug\encryptintodata.exe.embed.manifest
e:\baidunetdiskdownload\decryptfromdata\encryptintodata\debug\encryptintodata.exe.intermediate.manifest
e:\baidunetdiskdownload\decryptfromdata\encryptintodata\debug\encryptintodata.exe.embed.manifest.res
e:\baidunetdiskdownload\decryptfromdata\encryptintodata\debug\vc100.idb
e:\baidunetdiskdownload\decryptfromdata\encryptintodata\debug\vc100.pdb
e:\baidunetdiskdownload\decryptfromdata\encryptintodata\debug\encryptintodata_manifest.rc
e:\baidunetdiskdownload\decryptfromdata\debug\encryptintodata.pdb
e:\baidunetdiskdownload\decryptfromdata\debug\encryptintodata.ilk
e:\baidunetdiskdownload\decryptfromdata\encryptintodata\debug\encryptintodata.tlog\cl.command.1.tlog
e:\baidunetdiskdownload\decryptfromdata\encryptintodata\debug\encryptintodata.tlog\cl.read.1.tlog
e:\baidunetdiskdownload\decryptfromdata\encryptintodata\debug\encryptintodata.tlog\cl.write.1.tlog
e:\baidunetdiskdownload\decryptfromdata\encryptintodata\debug\encryptintodata.tlog\link-cvtres.read.1.tlog
e:\baidunetdiskdownload\decryptfromdata\encryptintodata\debug\encryptintodata.tlog\link-cvtres.write.1.tlog
e:\baidunetdiskdownload\decryptfromdata\encryptintodata\debug\encryptintodata.tlog\link-rc.read.1.tlog
e:\baidunetdiskdownload\decryptfromdata\encryptintodata\debug\encryptintodata.tlog\link-rc.write.1.tlog
e:\baidunetdiskdownload\decryptfromdata\encryptintodata\debug\encryptintodata.tlog\link.command.1.tlog
e:\baidunetdiskdownload\decryptfromdata\encryptintodata\debug\encryptintodata.tlog\link.read.1.tlog
e:\baidunetdiskdownload\decryptfromdata\encryptintodata\debug\encryptintodata.tlog\link.write.1.tlog
