d:\microsoft visual studio 10.0\vsproject\decryptfromdata\decryptfromdata\debug\decryptfromdata.obj
d:\microsoft visual studio 10.0\vsproject\decryptfromdata\decryptfromdata\debug\vc100.pdb
d:\microsoft visual studio 10.0\vsproject\decryptfromdata\debug\decryptfromdata.ilk
d:\microsoft visual studio 10.0\vsproject\decryptfromdata\debug\decryptfromdata.exe
d:\microsoft visual studio 10.0\vsproject\decryptfromdata\decryptfromdata\debug\decryptfromdata.exe.intermediate.manifest
d:\microsoft visual studio 10.0\vsproject\decryptfromdata\debug\decryptfromdata.pdb
d:\microsoft visual studio 10.0\vsproject\decryptfromdata\decryptfromdata\debug\decryptfromdata.exe.embed.manifest
d:\microsoft visual studio 10.0\vsproject\decryptfromdata\decryptfromdata\debug\decryptfromdata.exe.embed.manifest.res
e:\baidunetdiskdownload\decryptfromdata\decryptfromdata\debug\vc142.pdb
e:\baidunetdiskdownload\decryptfromdata\decryptfromdata\debug\vc142.idb
e:\baidunetdiskdownload\decryptfromdata\decryptfromdata\debug\decryptfromdata.obj
e:\baidunetdiskdownload\decryptfromdata\decryptfromdata\debug\cl.command.1.tlog
e:\baidunetdiskdownload\decryptfromdata\decryptfromdata\debug\cl.read.1.tlog
e:\baidunetdiskdownload\decryptfromdata\decryptfromdata\debug\cl.write.1.tlog
e:\baidunetdiskdownload\decryptfromdata\decryptfromdata\debug\decryptfromdata.write.1.tlog
e:\baidunetdiskdownload\decryptfromdata\decryptfromdata\debug\link-cvtres.read.1.tlog
e:\baidunetdiskdownload\decryptfromdata\decryptfromdata\debug\link-cvtres.write.1.tlog
e:\baidunetdiskdownload\decryptfromdata\decryptfromdata\debug\link.9256-cvtres.read.1.tlog
e:\baidunetdiskdownload\decryptfromdata\decryptfromdata\debug\link.9256-cvtres.write.1.tlog
e:\baidunetdiskdownload\decryptfromdata\decryptfromdata\debug\link.9256.read.1.tlog
e:\baidunetdiskdownload\decryptfromdata\decryptfromdata\debug\link.9256.write.1.tlog
e:\baidunetdiskdownload\decryptfromdata\decryptfromdata\debug\link.command.1.tlog
e:\baidunetdiskdownload\decryptfromdata\decryptfromdata\debug\link.read.1.tlog
e:\baidunetdiskdownload\decryptfromdata\decryptfromdata\debug\link.write.1.tlog
e:\baidunetdiskdownload\decryptfromdata\decryptfromdata\debug\mt.command.1.tlog
e:\baidunetdiskdownload\decryptfromdata\decryptfromdata\debug\mt.read.1.tlog
e:\baidunetdiskdownload\decryptfromdata\decryptfromdata\debug\mt.write.1.tlog
e:\baidunetdiskdownload\decryptfromdata\decryptfromdata\debug\rc.command.1.tlog
e:\baidunetdiskdownload\decryptfromdata\decryptfromdata\debug\rc.read.1.tlog
e:\baidunetdiskdownload\decryptfromdata\decryptfromdata\debug\rc.write.1.tlog
e:\baidunetdiskdownload\decryptfromdata\decryptfromdata\debug\decryptfromdata.exe.embed.manifest
e:\baidunetdiskdownload\decryptfromdata\decryptfromdata\debug\decryptfromdata.exe.intermediate.manifest
e:\baidunetdiskdownload\decryptfromdata\decryptfromdata\debug\decryptfromdata.exe.embed.manifest.res
e:\baidunetdiskdownload\decryptfromdata\decryptfromdata\debug\vc100.idb
e:\baidunetdiskdownload\decryptfromdata\decryptfromdata\debug\vc100.pdb
e:\baidunetdiskdownload\decryptfromdata\decryptfromdata\debug\decryptfromdata_manifest.rc
e:\baidunetdiskdownload\decryptfromdata\debug\decryptfromdata.pdb
e:\baidunetdiskdownload\decryptfromdata\debug\decryptfromdata.ilk
e:\baidunetdiskdownload\decryptfromdata\decryptfromdata\debug\decryptfromdata.tlog\cl.command.1.tlog
e:\baidunetdiskdownload\decryptfromdata\decryptfromdata\debug\decryptfromdata.tlog\cl.read.1.tlog
e:\baidunetdiskdownload\decryptfromdata\decryptfromdata\debug\decryptfromdata.tlog\cl.write.1.tlog
e:\baidunetdiskdownload\decryptfromdata\decryptfromdata\debug\decryptfromdata.tlog\link-cvtres.read.1.tlog
e:\baidunetdiskdownload\decryptfromdata\decryptfromdata\debug\decryptfromdata.tlog\link-cvtres.write.1.tlog
e:\baidunetdiskdownload\decryptfromdata\decryptfromdata\debug\decryptfromdata.tlog\link-rc.read.1.tlog
e:\baidunetdiskdownload\decryptfromdata\decryptfromdata\debug\decryptfromdata.tlog\link-rc.write.1.tlog
e:\baidunetdiskdownload\decryptfromdata\decryptfromdata\debug\decryptfromdata.tlog\link.command.1.tlog
e:\baidunetdiskdownload\decryptfromdata\decryptfromdata\debug\decryptfromdata.tlog\link.read.1.tlog
e:\baidunetdiskdownload\decryptfromdata\decryptfromdata\debug\decryptfromdata.tlog\link.write.1.tlog
