d:\microsoft visual studio 10.0\vsproject\decryptfromdata\decryptfromdata\release\decryptfromdata.obj
d:\microsoft visual studio 10.0\vsproject\decryptfromdata\decryptfromdata\release\vc100.pdb
d:\microsoft visual studio 10.0\vsproject\decryptfromdata\release\decryptfromdata.exe
d:\microsoft visual studio 10.0\vsproject\decryptfromdata\decryptfromdata\release\decryptfromdata.exe.intermediate.manifest
d:\microsoft visual studio 10.0\vsproject\decryptfromdata\release\decryptfromdata.pdb
e:\baidunetdiskdownload\decryptfromdata\decryptfromdata\release\vc142.pdb
e:\baidunetdiskdownload\decryptfromdata\decryptfromdata\release\decryptfromdata.obj
e:\baidunetdiskdownload\decryptfromdata\decryptfromdata\release\decryptfromdata.ipdb
e:\baidunetdiskdownload\decryptfromdata\decryptfromdata\release\decryptfromdata.iobj
e:\baidunetdiskdownload\decryptfromdata\decryptfromdata\release\cl.command.1.tlog
e:\baidunetdiskdownload\decryptfromdata\decryptfromdata\release\cl.read.1.tlog
e:\baidunetdiskdownload\decryptfromdata\decryptfromdata\release\cl.write.1.tlog
e:\baidunetdiskdownload\decryptfromdata\decryptfromdata\release\decryptfromdata.write.1.tlog
e:\baidunetdiskdownload\decryptfromdata\decryptfromdata\release\link.command.1.tlog
e:\baidunetdiskdownload\decryptfromdata\decryptfromdata\release\link.read.1.tlog
e:\baidunetdiskdownload\decryptfromdata\decryptfromdata\release\link.write.1.tlog
e:\baidunetdiskdownload\decryptfromdata\decryptfromdata\release\mt.command.1.tlog
e:\baidunetdiskdownload\decryptfromdata\decryptfromdata\release\mt.read.1.tlog
e:\baidunetdiskdownload\decryptfromdata\decryptfromdata\release\mt.write.1.tlog
e:\baidunetdiskdownload\decryptfromdata\decryptfromdata\release\decryptfromdata.exe.intermediate.manifest
e:\baidunetdiskdownload\decryptfromdata\decryptfromdata\release\vc100.pdb
e:\baidunetdiskdownload\decryptfromdata\release\decryptfromdata.pdb
e:\baidunetdiskdownload\decryptfromdata\decryptfromdata\release\decryptfromdata.tlog\cl.command.1.tlog
e:\baidunetdiskdownload\decryptfromdata\decryptfromdata\release\decryptfromdata.tlog\cl.read.1.tlog
e:\baidunetdiskdownload\decryptfromdata\decryptfromdata\release\decryptfromdata.tlog\cl.write.1.tlog
e:\baidunetdiskdownload\decryptfromdata\decryptfromdata\release\decryptfromdata.tlog\link.command.1.tlog
e:\baidunetdiskdownload\decryptfromdata\decryptfromdata\release\decryptfromdata.tlog\link.read.1.tlog
e:\baidunetdiskdownload\decryptfromdata\decryptfromdata\release\decryptfromdata.tlog\link.write.1.tlog
